<?xml version="1.0" encoding="UTF-8" ?>
<testsuite 
errors="0" failures="0" hostname="DESKTOP-NPVP5R6" name="com.himanshu.demo.springdatacassandra.controller.ControllerTest" tests="1" time="0.642" timestamp="2019-01-12T18:23:18">
  <properties>
[...]
</properties>
  <testcase 
  name="should save given person" classname="com.himanshu.demo.springdatacassandra.controller.ControllerTest" time="0.531">
</testcase>
  <system-out><![CDATA[]]></system-out>
  <system-err><![CDATA[]]></system-err>
</testsuite>
